C:\Users\Tag\Downloads\SDL_mixer-1.2.12\SDL_mixer-1.2.12\VisualC\Debug\cl.command.1.tlog
C:\Users\Tag\Downloads\SDL_mixer-1.2.12\SDL_mixer-1.2.12\VisualC\Debug\CL.read.1.tlog
C:\Users\Tag\Downloads\SDL_mixer-1.2.12\SDL_mixer-1.2.12\VisualC\Debug\CL.write.1.tlog
C:\USERS\TAG\DOWNLOADS\SDL_MIXER-1.2.12\SDL_MIXER-1.2.12\VISUALC\DEBUG\DYNAMIC_FLAC.OBJ
C:\USERS\TAG\DOWNLOADS\SDL_MIXER-1.2.12\SDL_MIXER-1.2.12\VISUALC\DEBUG\DYNAMIC_FLUIDSYNTH.OBJ
C:\USERS\TAG\DOWNLOADS\SDL_MIXER-1.2.12\SDL_MIXER-1.2.12\VISUALC\DEBUG\DYNAMIC_MOD.OBJ
C:\USERS\TAG\DOWNLOADS\SDL_MIXER-1.2.12\SDL_MIXER-1.2.12\VISUALC\DEBUG\DYNAMIC_OGG.OBJ
C:\USERS\TAG\DOWNLOADS\SDL_MIXER-1.2.12\SDL_MIXER-1.2.12\VISUALC\DEBUG\EFFECT_POSITION.OBJ
C:\USERS\TAG\DOWNLOADS\SDL_MIXER-1.2.12\SDL_MIXER-1.2.12\VISUALC\DEBUG\EFFECT_STEREOREVERSE.OBJ
C:\USERS\TAG\DOWNLOADS\SDL_MIXER-1.2.12\SDL_MIXER-1.2.12\VISUALC\DEBUG\EFFECTS_INTERNAL.OBJ
C:\USERS\TAG\DOWNLOADS\SDL_MIXER-1.2.12\SDL_MIXER-1.2.12\VISUALC\DEBUG\FLUIDSYNTH.OBJ
C:\USERS\TAG\DOWNLOADS\SDL_MIXER-1.2.12\SDL_MIXER-1.2.12\VISUALC\DEBUG\LOAD_AIFF.OBJ
C:\USERS\TAG\DOWNLOADS\SDL_MIXER-1.2.12\SDL_MIXER-1.2.12\VISUALC\DEBUG\LOAD_FLAC.OBJ
C:\USERS\TAG\DOWNLOADS\SDL_MIXER-1.2.12\SDL_MIXER-1.2.12\VISUALC\DEBUG\LOAD_OGG.OBJ
C:\USERS\TAG\DOWNLOADS\SDL_MIXER-1.2.12\SDL_MIXER-1.2.12\VISUALC\DEBUG\LOAD_VOC.OBJ
C:\USERS\TAG\DOWNLOADS\SDL_MIXER-1.2.12\SDL_MIXER-1.2.12\VISUALC\DEBUG\MUSIC_CMD.OBJ
C:\USERS\TAG\DOWNLOADS\SDL_MIXER-1.2.12\SDL_MIXER-1.2.12\VISUALC\DEBUG\MUSIC_FLAC.OBJ
C:\USERS\TAG\DOWNLOADS\SDL_MIXER-1.2.12\SDL_MIXER-1.2.12\VISUALC\DEBUG\MUSIC_MAD.OBJ
C:\USERS\TAG\DOWNLOADS\SDL_MIXER-1.2.12\SDL_MIXER-1.2.12\VISUALC\DEBUG\MUSIC_MOD.OBJ
C:\USERS\TAG\DOWNLOADS\SDL_MIXER-1.2.12\SDL_MIXER-1.2.12\VISUALC\DEBUG\MUSIC_OGG.OBJ
C:\Users\Tag\Downloads\SDL_mixer-1.2.12\SDL_mixer-1.2.12\VisualC\Debug\SDL_mixer.vcxprojResolveAssemblyReference.cache
C:\Users\Tag\Downloads\SDL_mixer-1.2.12\SDL_mixer-1.2.12\VisualC\Debug\SDL_mixer.write.1.tlog
C:\Users\Tag\Downloads\SDL_mixer-1.2.12\SDL_mixer-1.2.12\VisualC\Debug\vc100.idb
C:\USERS\TAG\DOWNLOADS\SDL_MIXER-1.2.12\SDL_MIXER-1.2.12\VISUALC\DEBUG\VC100.PDB
C:\USERS\TAG\DOWNLOADS\SDL_MIXER-1.2.12\SDL_MIXER-1.2.12\VISUALC\DEBUG\WAVESTREAM.OBJ
